

============================== 2022-09-22 21:11:50.305123 | e8188122-df48-4c63-8bc3-02cdccd17f25 ==============================
[0m21:11:50.305123 [info ] [MainThread]: Running with dbt=1.2.1
[0m21:11:50.306123 [debug] [MainThread]: running dbt with arguments {'write_json': True, 'use_colors': True, 'printer_width': 80, 'version_check': True, 'partial_parse': True, 'static_parser': True, 'profiles_dir': 'C:\\Users\\Arwald\\.dbt', 'send_anonymous_usage_stats': True, 'event_buffer_size': 100000, 'quiet': False, 'no_print': False, 'project_name': 'dbtlearn', 'skip_profile_setup': False, 'which': 'init', 'indirect_selection': 'eager'}
[0m21:11:50.306123 [debug] [MainThread]: Tracking: tracking
[0m21:11:50.314125 [debug] [MainThread]: Sending event: {'category': 'dbt', 'action': 'invocation', 'label': 'start', 'context': [<snowplow_tracker.self_describing_json.SelfDescribingJson object at 0x000001CB460B9330>, <snowplow_tracker.self_describing_json.SelfDescribingJson object at 0x000001CB460B8FD0>, <snowplow_tracker.self_describing_json.SelfDescribingJson object at 0x000001CB460B92D0>]}
[0m21:11:50.315125 [debug] [MainThread]: Starter project path: F:\Anaconda\anaconda3\envs\dbtEnv\lib\site-packages\dbt\include\starter_project
[0m21:15:55.392324 [info ] [MainThread]: Profile dbtlearn written to C:\Users\Arwald\.dbt\profiles.yml using target's profile_template.yml and your supplied values. Run 'dbt debug' to validate the connection.
[0m21:15:55.392324 [info ] [MainThread]: 
Your new dbt project "dbtlearn" was created!

For more information on how to configure the profiles.yml file,
please consult the dbt documentation here:

  https://docs.getdbt.com/docs/configure-your-profile

One more thing:

Need help? Don't hesitate to reach out to us via GitHub issues or on Slack:

  https://community.getdbt.com/

Happy modeling!

[0m21:15:55.393324 [debug] [MainThread]: Sending event: {'category': 'dbt', 'action': 'invocation', 'label': 'end', 'context': [<snowplow_tracker.self_describing_json.SelfDescribingJson object at 0x000001CB401486D0>, <snowplow_tracker.self_describing_json.SelfDescribingJson object at 0x000001CB4608F220>, <snowplow_tracker.self_describing_json.SelfDescribingJson object at 0x000001CB4608D090>]}
[0m21:15:55.394315 [debug] [MainThread]: Flushing usage events


============================== 2022-09-22 21:20:32.733357 | 2474378f-9263-4037-a049-1672a3aacc68 ==============================
[0m21:20:32.733357 [info ] [MainThread]: Running with dbt=1.2.1
[0m21:20:32.733357 [debug] [MainThread]: running dbt with arguments {'write_json': True, 'use_colors': True, 'printer_width': 80, 'version_check': True, 'partial_parse': True, 'static_parser': True, 'profiles_dir': 'C:\\Users\\Arwald\\.dbt', 'send_anonymous_usage_stats': True, 'event_buffer_size': 100000, 'quiet': False, 'no_print': False, 'config_dir': False, 'which': 'debug', 'indirect_selection': 'eager'}
[0m21:20:32.733357 [debug] [MainThread]: Tracking: tracking
[0m21:20:32.741359 [debug] [MainThread]: Sending event: {'category': 'dbt', 'action': 'invocation', 'label': 'start', 'context': [<snowplow_tracker.self_describing_json.SelfDescribingJson object at 0x000001A6C52E9420>, <snowplow_tracker.self_describing_json.SelfDescribingJson object at 0x000001A6C52E8F70>, <snowplow_tracker.self_describing_json.SelfDescribingJson object at 0x000001A6C52E9270>]}
[0m21:20:33.044427 [debug] [MainThread]: Executing "git --help"
[0m21:20:33.072434 [debug] [MainThread]: STDOUT: "b"usage: git [--version] [--help] [-C <path>] [-c <name>=<value>]\n           [--exec-path[=<path>]] [--html-path] [--man-path] [--info-path]\n           [-p | --paginate | -P | --no-pager] [--no-replace-objects] [--bare]\n           [--git-dir=<path>] [--work-tree=<path>] [--namespace=<name>]\n           [--super-prefix=<path>] [--config-env=<name>=<envvar>]\n           <command> [<args>]\n\nThese are common Git commands used in various situations:\n\nstart a working area (see also: git help tutorial)\n   clone             Clone a repository into a new directory\n   init              Create an empty Git repository or reinitialize an existing one\n\nwork on the current change (see also: git help everyday)\n   add               Add file contents to the index\n   mv                Move or rename a file, a directory, or a symlink\n   restore           Restore working tree files\n   rm                Remove files from the working tree and from the index\n   sparse-checkout   Initialize and modify the sparse-checkout\n\nexamine the history and state (see also: git help revisions)\n   bisect            Use binary search to find the commit that introduced a bug\n   diff              Show changes between commits, commit and working tree, etc\n   grep              Print lines matching a pattern\n   log               Show commit logs\n   show              Show various types of objects\n   status            Show the working tree status\n\ngrow, mark and tweak your common history\n   branch            List, create, or delete branches\n   commit            Record changes to the repository\n   merge             Join two or more development histories together\n   rebase            Reapply commits on top of another base tip\n   reset             Reset current HEAD to the specified state\n   switch            Switch branches\n   tag               Create, list, delete or verify a tag object signed with GPG\n\ncollaborate (see also: git help workflows)\n   fetch             Download objects and refs from another repository\n   pull              Fetch from and integrate with another repository or a local branch\n   push              Update remote refs along with associated objects\n\n'git help -a' and 'git help -g' list available subcommands and some\nconcept guides. See 'git help <command>' or 'git help <concept>'\nto read about a specific subcommand or concept.\nSee 'git help git' for an overview of the system.\n""
[0m21:20:33.072434 [debug] [MainThread]: STDERR: "b''"
[0m21:20:33.076434 [debug] [MainThread]: Acquiring new snowflake connection "debug"
[0m21:20:33.077434 [debug] [MainThread]: Using snowflake connection "debug"
[0m21:20:33.077434 [debug] [MainThread]: On debug: select 1 as id
[0m21:20:33.077434 [debug] [MainThread]: Opening a new connection, currently in state init
[0m21:20:34.084919 [debug] [MainThread]: Snowflake adapter: Got an error when attempting to open a snowflake connection. No retries attempted: '250001 (08001): Failed to connect to DB: cy97594.us-east-2.aws.snowflakecomputing.com:443. Incorrect username or password was specified.'
[0m21:20:34.084919 [debug] [MainThread]: Snowflake adapter: Error running SQL: select 1 as id
[0m21:20:34.084919 [debug] [MainThread]: Snowflake adapter: Rolling back transaction.
[0m21:20:34.085919 [debug] [MainThread]: On debug: No close available on handle
[0m21:20:34.088920 [debug] [MainThread]: Sending event: {'category': 'dbt', 'action': 'invocation', 'label': 'end', 'context': [<snowplow_tracker.self_describing_json.SelfDescribingJson object at 0x000001A6C5DD5330>, <snowplow_tracker.self_describing_json.SelfDescribingJson object at 0x000001A6C5DD40A0>, <snowplow_tracker.self_describing_json.SelfDescribingJson object at 0x000001A6C5DD70D0>]}
[0m21:20:34.089921 [debug] [MainThread]: Flushing usage events
[0m21:20:34.562653 [debug] [MainThread]: Connection 'debug' was properly closed.
